<?xml version="1.0" encoding="UTF-8"?>
<Site BuildName="(empty)"
	BuildStamp="20250218-0113-Experimental"
	Name="frank-legion-pro"
	Generator="ctest-3.28.3"
	CompilerName="/usr/bin/g++"
	CompilerVersion="11.4.0"
	OSName="Linux"
	Hostname="frank-legion-pro"
	OSRelease="6.8.0-52-generic"
	OSVersion="#53~22.04.1-Ubuntu SMP PREEMPT_DYNAMIC Wed Jan 15 19:18:46 UTC 2"
	OSPlatform="x86_64"
	Is64Bits="1"
	VendorString="GenuineIntel"
	VendorID="Intel Corporation"
	FamilyID="6"
	ModelID="183"
	ProcessorCacheSize="36864"
	NumberOfLogicalCPU="32"
	NumberOfPhysicalCPU="24"
	TotalVirtualMemory="2047"
	TotalPhysicalMemory="31812"
	LogicalProcessorsPerPhysical="1"
	ProcessorClockFrequency="4569.58"
	>
	<Testing>
		<StartDateTime>Feb 17 21:05 EST</StartDateTime>
		<StartTestTime>1739844308</StartTestTime>
		<TestList/>
		<EndDateTime>Feb 17 21:05 EST</EndDateTime>
		<EndTestTime>1739844308</EndTestTime>
		<ElapsedMinutes>0</ElapsedMinutes>
	</Testing>
</Site>
